C51 COMPILER V9.00   DELAY                                                                 09/22/2012 11:56:53 PAGE 1   


C51 COMPILER V9.00, COMPILATION OF MODULE DELAY
OBJECT MODULE PLACED IN .\obj\delay.obj
COMPILER INVOKED BY: C:\Keil\C51\BIN\C51.EXE source\delay.c BROWSE INCDIR(.\inc) DEBUG OBJECTEXTEND PRINT(.\obj\delay.ls
                    -t) OBJECT(.\obj\delay.obj)

line level    source

   1          /*******************************************************************************
   2          *  Copyright (C) 2010 - All Rights Reserved             
   3          * 软件作者:     骑飞家族
   4          * 版权所有: 骑飞电子    
   5          * 创建日期:     2010年6月10日 
   6          * 软件历史:     2011年2月10日修改
   7                      2012年9月20日再修改
   8          * Version:  3.5 
   9          * Demo 淘宝地址：http://qifeidz.taobao.com/
  10          **********************************************************************************************************
             -************************************
  11          懒懒懒懒懒懒懒懒懒懒懒懒懒懒懒懒懒懒懒懒懒懒懒懒懒懒懒懒懒懒懒懒懒懒懒懒懒懒懒懒懒懒懒懒懒懒懒懒懒懒懒懒懒
             -懒懒懒懒懒懒懒懒懒懒懒懒懒懒懒懒懒懒
  12          懒懒懒懒懒懒懒懒懒懒懒一懒懒懒懒懒懒懒懒懒懒懒懒懒懒懒懒懒懒懒懒懒懒懒懒懒懒懒懒懒困一懒懒懒懒懒懒懒懒懒懒
             -懒懒懒懒一一一一一一一懒懒懒懒懒懒懒
  13          懒懒困一一一一懒一一一一一一二懒懒懒懒困一一一一一一一一懒懒懒懒懒懒懒懒懒四懒懒一一懒懒懒一懒懒懒懒懒懒
             -懒懒懒一一一一四四一一一懒懒懒懒懒懒
  14          懒懒懒懒懒懒一懒懒懒一二一懒懒懒懒懒懒一一一一四二一四懒一一懒懒懒懒懒四一一一一一一一一一一一懒懒懒懒懒
             -懒懒懒四懒懒四一一一一懒懒懒懒懒懒
  15          懒懒懒四一懒懒懒懒懒四懒懒懒懒懒懒懒懒懒懒懒困一懒一一懒懒懒懒懒懒懒一一一一一一懒懒懒懒懒
             -懒一一懒懒懒懒懒懒
  16          懒懒懒一懒二一一一一一一一一一一一懒懒懒懒懒懒懒懒二一一困懒懒懒懒懒懒懒懒一一一一一一一一一一四懒懒懒懒懒
             -一一一一一一一一一一一一一一一懒懒懒
  17          懒懒懒一一一一一二一一一懒懒懒懒懒懒懒懒懒懒一一一一一懒懒懒懒懒懒懒一一懒懒一一懒懒懒一困懒懒懒懒懒
             -一一四懒懒懒懒一一懒懒困一一四懒懒懒
  18          懒懒懒懒懒懒懒一困一懒一一懒懒懒懒懒懒懒懒懒懒懒困一懒懒一一懒懒懒懒懒懒一一一一一一一一一一懒懒懒懒懒
             -懒懒懒懒懒懒懒一一懒懒懒懒懒懒懒懒
  19          懒二一一一懒四困一一一一懒懒懒懒懒懒懒懒懒懒懒懒一一懒懒懒懒懒懒懒懒懒懒懒懒懒四一懒懒懒懒懒懒一懒懒
             -懒懒懒懒懒懒懒一一懒懒懒懒懒懒懒懒
  20          懒懒懒懒懒懒一懒懒懒懒懒一一懒懒懒懒懒懒懒懒懒懒懒懒一一一一一一困懒懒懒懒懒懒懒懒一一一一一一一一一懒懒
             -懒懒懒困懒懒一一懒懒懒懒懒懒懒懒懒
  21          懒懒懒懒一一一懒懒困一一一一懒懒懒懒懒懒懒懒懒懒懒懒懒懒一一一一一懒懒懒懒懒懒懒懒懒懒一一一一一一一懒懒懒
             -懒懒懒懒一一一一四懒懒懒懒懒懒懒懒懒
  22          懒懒懒懒懒懒懒懒懒懒懒懒懒懒懒懒懒懒懒懒懒懒懒懒懒懒懒懒懒懒懒懒懒懒懒懒懒懒懒懒懒懒懒懒懒懒懒懒懒懒懒懒懒
             -懒懒懒懒懒懒懒懒懒懒懒懒懒懒懒懒懒懒
  23          **********************************************************************************************************
             -************************************/
  24          void delay_us(unsigned int time)
  25           {     
  26   1         while (time--);
  27   1       }                
  28          
  29          /*          毫秒级延时函数      */       
  30          void delay_ms(unsigned int time)
  31                   {
  32   1                while(time--) delay_us(100);                   
  33   1               }
  34                   
  35          void delay( unsigned long cnt)
  36          {
  37   1               unsigned int i = 0;
  38   1      
  39   1              while(cnt--)
  40   1              {
C51 COMPILER V9.00   DELAY                                                                 09/22/2012 11:56:53 PAGE 2   

  41   2                      for (i = 0; i < 2; i++)
  42   2                      {
  43   3                      //__nop();
  44   3                      }
  45   2              }
  46   1      }


MODULE INFORMATION:   STATIC OVERLAYABLE
   CODE SIZE        =     79    ----
   CONSTANT SIZE    =   ----    ----
   XDATA SIZE       =   ----    ----
   PDATA SIZE       =   ----    ----
   DATA SIZE        =   ----       4
   IDATA SIZE       =   ----    ----
   BIT SIZE         =   ----    ----
END OF MODULE INFORMATION.


C51 COMPILATION COMPLETE.  0 WARNING(S),  0 ERROR(S)
