C51 COMPILER V9.00   TFT                                                                   09/22/2012 11:56:57 PAGE 1   


C51 COMPILER V9.00, COMPILATION OF MODULE TFT
OBJECT MODULE PLACED IN .\obj\TFT.obj
COMPILER INVOKED BY: C:\Keil\C51\BIN\C51.EXE source\TFT.c BROWSE INCDIR(.\inc) DEBUG OBJECTEXTEND PRINT(.\obj\TFT.lst) O
                    -BJECT(.\obj\TFT.obj)

line level    source

   1          /*******************************************************************************
   2          *  Copyright (C) 2010 - All Rights Reserved             
   3          * 软件作者:     骑飞家族
   4          * 版权所有: 骑飞电子    
   5          * 创建日期:     2010年6月10日 
   6          * 软件历史:     2011年2月10日修改
   7                      2012年9月20日再修改
   8          * Version:  3.5 
   9          * Demo 淘宝地址：http://qifeidz.taobao.com/
  10          **********************************************************************************************************
             -************************************
  11          懒懒懒懒懒懒懒懒懒懒懒懒懒懒懒懒懒懒懒懒懒懒懒懒懒懒懒懒懒懒懒懒懒懒懒懒懒懒懒懒懒懒懒懒懒懒懒懒懒懒懒懒懒
             -懒懒懒懒懒懒懒懒懒懒懒懒懒懒懒懒懒懒
  12          懒懒懒懒懒懒懒懒懒懒懒一懒懒懒懒懒懒懒懒懒懒懒懒懒懒懒懒懒懒懒懒懒懒懒懒懒懒懒懒懒困一懒懒懒懒懒懒懒懒懒懒
             -懒懒懒懒一一一一一一一懒懒懒懒懒懒懒
  13          懒懒困一一一一懒一一一一一一二懒懒懒懒困一一一一一一一一懒懒懒懒懒懒懒懒懒四懒懒一一懒懒懒一懒懒懒懒懒懒
             -懒懒懒一一一一四四一一一懒懒懒懒懒懒
  14          懒懒懒懒懒懒一懒懒懒一二一懒懒懒懒懒懒一一一一四二一四懒一一懒懒懒懒懒四一一一一一一一一一一一懒懒懒懒懒
             -懒懒懒四懒懒四一一一一懒懒懒懒懒懒
  15          懒懒懒四一懒懒懒懒懒四懒懒懒懒懒懒懒懒懒懒懒困一懒一一懒懒懒懒懒懒懒一一一一一一懒懒懒懒懒
             -懒一一懒懒懒懒懒懒
  16          懒懒懒一懒二一一一一一一一一一一一懒懒懒懒懒懒懒懒二一一困懒懒懒懒懒懒懒懒一一一一一一一一一一四懒懒懒懒懒
             -一一一一一一一一一一一一一一一懒懒懒
  17          懒懒懒一一一一一二一一一懒懒懒懒懒懒懒懒懒懒一一一一一懒懒懒懒懒懒懒一一懒懒一一懒懒懒一困懒懒懒懒懒
             -一一四懒懒懒懒一一懒懒困一一四懒懒懒
  18          懒懒懒懒懒懒懒一困一懒一一懒懒懒懒懒懒懒懒懒懒懒困一懒懒一一懒懒懒懒懒懒一一一一一一一一一一懒懒懒懒懒
             -懒懒懒懒懒懒懒一一懒懒懒懒懒懒懒懒
  19          懒二一一一懒四困一一一一懒懒懒懒懒懒懒懒懒懒懒懒一一懒懒懒懒懒懒懒懒懒懒懒懒懒四一懒懒懒懒懒懒一懒懒
             -懒懒懒懒懒懒懒一一懒懒懒懒懒懒懒懒
  20          懒懒懒懒懒懒一懒懒懒懒懒一一懒懒懒懒懒懒懒懒懒懒懒懒一一一一一一困懒懒懒懒懒懒懒懒一一一一一一一一一懒懒
             -懒懒懒困懒懒一一懒懒懒懒懒懒懒懒懒
  21          懒懒懒懒一一一懒懒困一一一一懒懒懒懒懒懒懒懒懒懒懒懒懒懒一一一一一懒懒懒懒懒懒懒懒懒懒一一一一一一一懒懒懒
             -懒懒懒懒一一一一四懒懒懒懒懒懒懒懒懒
  22          懒懒懒懒懒懒懒懒懒懒懒懒懒懒懒懒懒懒懒懒懒懒懒懒懒懒懒懒懒懒懒懒懒懒懒懒懒懒懒懒懒懒懒懒懒懒懒懒懒懒懒懒懒
             -懒懒懒懒懒懒懒懒懒懒懒懒懒懒懒懒懒懒
  23          **********************************************************************************************************
             -************************************/
  24          #include <TFT.h>
  25          #include <delay.h>
  26          #include <C8051F340.h>
  27          #include <english_16x8.h>
  28          
  29          //TFT control lines        
  30          //TFT control lines        
  31          sbit Tft_CS_PIN=P1^4;
  32          sbit Tft_RS_PIN=P1^5;
  33          sbit Tft_WR_PIN=P1^6;
  34          sbit Tft_RD_PIN=P1^7;
  35          sbit Tft_RST_PIN=P1^2;
  36          sbit Tft_BLK_PIN=P1^3;
  37          //TFT data lines  
  38          //P4^7-----------------D15
  39          //P4^6-----------------D14
  40          //P4^5-----------------D13
C51 COMPILER V9.00   TFT                                                                   09/22/2012 11:56:57 PAGE 2   

  41          //P4^4-----------------D12
  42          //P4^3-----------------D11
  43          //P4^2-----------------D10
  44          //P4^1-----------------D9
  45          //P4^0-----------------D8
  46          
  47          void Tft_WR_DATA16(unsigned int inputdata)
  48          {
  49   1               unsigned char inputdatal,inputdatah;
  50   1               unsigned int x;
  51   1               x=inputdata;
  52   1               inputdatal=inputdata&0x00ff;
  53   1               inputdatah=(inputdata>>8)&0x00ff;
  54   1               P4MDOUT= 0XFF;
  55   1      
  56   1               Tft_CS_PIN=0; 
  57   1               Tft_RS_PIN=1;//高为数据，低为指令
  58   1      //   TFT_RD_PIN=1;
  59   1               P4=0x00;
  60   1               P4=inputdatah; 
  61   1           Tft_WR_PIN=0;
  62   1           Tft_WR_PIN=1;
  63   1               P4=0x00;
  64   1               P4=inputdatal;
  65   1           Tft_WR_PIN=0;
  66   1           Tft_WR_PIN=1;       
  67   1               Tft_CS_PIN=1;
  68   1               P4MDOUT= 0X00;
  69   1        
  70   1      }
  71          
  72          
  73          void TftWrite16(unsigned int index)//写积存器命令
  74          {   
  75   1           unsigned int indexh;
  76   1               unsigned int indexl;
  77   1               indexh=(index&0xff00)>>8;
  78   1               indexl=index&0x00ff;
  79   1               P4MDOUT= 0XFF;
  80   1              
  81   1           Tft_CS_PIN=0;
  82   1      //       Tft_RD_PIN=1;
  83   1               Tft_RS_PIN=0;
  84   1      
  85   1               P4=0x00;
  86   1           P4=indexh; 
  87   1               Tft_WR_PIN=0;
  88   1           Tft_WR_PIN=1;
  89   1      
  90   1           P4=0x00;
  91   1               P4=indexl;
  92   1      
  93   1               Tft_WR_PIN=0;
  94   1           Tft_WR_PIN=1;
  95   1      
  96   1           Tft_CS_PIN=1;
  97   1               P4MDOUT= 0X00;
  98   1       
  99   1      }
 100          
 101          
 102          void TftWrite(unsigned int index,unsigned int inputdata)
C51 COMPILER V9.00   TFT                                                                   09/22/2012 11:56:57 PAGE 3   

 103          {
 104   1          unsigned int x;
 105   1              unsigned int y;
 106   1          unsigned int indexh;
 107   1              unsigned int indexl;
 108   1              unsigned int inputdatah;
 109   1              unsigned int inputdatal;
 110   1              x=index;
 111   1              y=inputdata;
 112   1          indexh=(index&0xff00)>>8;
 113   1              indexl=index&0x00ff;
 114   1              inputdatah=(inputdata&0xff00)>>8;
 115   1              inputdatal=inputdata&0x00ff;
 116   1              P4MDOUT= 0XFF;
 117   1      
 118   1              Tft_CS_PIN=0;
 119   1              Tft_RS_PIN= 0;
 120   1      //      Tft_RD_PIN=1;
 121   1              P4=0;   
 122   1              P4=indexh;
 123   1              Tft_WR_PIN=0;   
 124   1              Tft_WR_PIN=1;
 125   1              P4=0;
 126   1              P4=indexl; 
 127   1              Tft_WR_PIN=0;   
 128   1              Tft_WR_PIN=1;
 129   1      
 130   1              Tft_RS_PIN=1;
 131   1              P4=0;
 132   1              P4=inputdatah;
 133   1          Tft_WR_PIN=0;       
 134   1          Tft_WR_PIN=1;
 135   1              P4=0;
 136   1              P4=inputdatal; 
 137   1          Tft_WR_PIN=0;       
 138   1          Tft_WR_PIN=1;
 139   1      
 140   1              Tft_CS_PIN=1;
 141   1              P4MDOUT= 0X00;
 142   1      
 143   1      
 144   1      }
 145          
 146          
 147          void Tft_Init(void)
 148          {
 149   1              Tft_RST_PIN=1;
 150   1              delay_ms(100);; 
 151   1              Tft_RST_PIN=0;
 152   1              delay_ms(100);
 153   1              Tft_RST_PIN=1;
 154   1              delay_ms(150);
 155   1      
 156   1              TftWrite(0x00E7, 0x1014);
 157   1              TftWrite (0x0001, 0x0100); // set SS and SM bit
 158   1              TftWrite (0x0002, 0x0200); // set 1 line inversion
 159   1      
 160   1              #if AM==000       
                              TftWrite(0x0003,0x1000);
                      #elif AM==001        
                              TftWrite(0x0003,0x1008);      
                      #elif AM==010  
C51 COMPILER V9.00   TFT                                                                   09/22/2012 11:56:57 PAGE 4   

                          TftWrite(0x0003,0x1010);        
                      #elif AM==011
 167   1                      TftWrite(0x0003,0x1018);
 168   1              #elif AM==100  
                              TftWrite(0x0003,0x1020);      
                      #elif AM==101  
                              TftWrite(0x0003,0x1028);      
                      #elif AM==110  
                              TftWrite(0x0003,0x1030);      
                      #elif AM==111  
                              TftWrite(0x0003,0x1038);
                      #endif
 177   1      
 178   1              TftWrite (0x0008, 0x0202); 
 179   1              TftWrite (0x0009, 0x0000); 
 180   1              TftWrite (0x000A, 0x0000);
 181   1              TftWrite(0x0c,(1<<0));  
 182   1              TftWrite (0x000D, 0x0000); 
 183   1              TftWrite (0x000F, 0x0000);          
 184   1                      
 185   1              delay(200);                                                               
 186   1              TftWrite (0x0010, 0x0000); 
 187   1              TftWrite (0x0011, 0x0007); 
 188   1              TftWrite (0x0012, 0x0000); 
 189   1              TftWrite (0x0013, 0x0000); 
 190   1              delay(200); 
 191   1              TftWrite (0x0010, 0x1690); 
 192   1              TftWrite (0x0011, 0x0227); 
 193   1              delay(200); 
 194   1              TftWrite (0x0012, 0x000C); 
 195   1              delay(200); 
 196   1              TftWrite (0x0013, 0x0800); 
 197   1              TftWrite (0x0029, 0x0011); 
 198   1              TftWrite (0x002B, 0x000B); 
 199   1              delay(200); 
 200   1      #if AM==000         
                      TftWrite(0x0020,0x00ef);
                      TftWrite(0x0021,0x013f);      
              #elif AM==001
                      TftWrite(0x0020,0x00ef);
                      TftWrite(0x0021,0x013f);      
              #elif AM==010
                      TftWrite(0x0020,0x0000);
                      TftWrite(0x0021,0x013f);      
              #elif AM==011
 210   1              TftWrite(0x0020,0x0000);
 211   1              TftWrite(0x0021,0x013f);       
 212   1      #elif AM==100
                      TftWrite(0x0020,0x00ef);
                      TftWrite(0x0021,0x0000);      
              #elif AM==101  
                      TftWrite(0x0020,0x00ef);
                      TftWrite(0x0021,0x0000);      
              #elif AM==110
                      TftWrite (0x0020, 0x0000); 
                      TftWrite (0x0021, 0x0000);       
              #elif AM==111
                      TftWrite(0x0020,0x0000);
                      TftWrite(0x0021,0x0000);         
              #endif  
 225   1      
 226   1              TftWrite (0x0050, 0x0000); 
C51 COMPILER V9.00   TFT                                                                   09/22/2012 11:56:57 PAGE 5   

 227   1              TftWrite (0x0051, 0x00EF); 
 228   1              TftWrite (0x0052, 0x0000); 
 229   1              TftWrite (0x0053, 0x013F); 
 230   1              TftWrite (0x0060, 0xA700); 
 231   1              TftWrite (0x0061, 0x0001); 
 232   1              TftWrite (0x006A, 0x0000); 
 233   1              //-------------- Partial Display Control ---------//
 234   1              TftWrite (0x0080, 0x0000);
 235   1              TftWrite (0x0081, 0x0000);
 236   1              TftWrite (0x0082, 0x0000);
 237   1              TftWrite (0x0083, 0x0000);
 238   1              TftWrite (0x0084, 0x0000);
 239   1              TftWrite (0x0085, 0x0000);
 240   1              //-------------- Panel Control -------------------//
 241   1              TftWrite (0x0090, 0x0010);
 242   1              TftWrite (0x0092, 0x0600);
 243   1              TftWrite (0x0007, 0x0133); 
 244   1              delay_ms(1000);
 245   1      
 246   1        
 247   1      }
 248          
 249          
 250          void TftClear(unsigned int Color)
 251          {
 252   1        unsigned long index = 0;
 253   1      
 254   1              TftWrite(0x0050,0x00);
 255   1              TftWrite(0x0051,239);
 256   1              TftWrite(0x0052,0x00);
 257   1              TftWrite(0x0053,319);
 258   1              TftWrite(0x0020,0x0000);
 259   1              TftWrite(0x0021,0x0000);  
 260   1              TftWrite16(0x0022);    
 261   1      
 262   1        for(index = 0; index < 76800; index++)
 263   1        {
 264   2          Tft_WR_DATA16(Color);
 265   2         
 266   2        } 
 267   1       
 268   1      }
 269          
 270          
 271          void TftWR_SingleStr(unsigned char inputdata,unsigned int color,unsigned int xcolor)
 272          {
 273   1      
 274   1        unsigned char avl,i,n;
 275   1        TftWrite16(0x0022);  
 276   1        for (i=0;i<16;i++)
 277   1        { 
 278   2            avl=(english[inputdata-32][i]);
 279   2                for (n=0;n<8;n++)
 280   2                 {
 281   3                   if(avl&0x80) Tft_WR_DATA16(color);
 282   3                   else Tft_WR_DATA16(xcolor);
 283   3                 
 284   3                   avl<<=1;
 285   3                 }
 286   2              }
 287   1      }
 288          void TftWR_Str(unsigned int x,unsigned int y,unsigned char *s,unsigned int color,unsigned int xcolor)
C51 COMPILER V9.00   TFT                                                                   09/22/2012 11:56:57 PAGE 6   

 289          {
 290   1       unsigned int k=0;
 291   1       while (*s) 
 292   1        {
 293   2           Tft_SetBackground(y,x+k,15,8);
 294   2           TftWR_SingleStr( *s,color,xcolor);
 295   2           k=k+8;
 296   2           s++;
 297   2        
 298   2        }
 299   1      
 300   1      }  
 301          
 302          
 303          void Tft_SetBackground(unsigned int StartX,unsigned int StartY,unsigned int LongX,unsigned int LongY)
 304          {
 305   1        
 306   1      #if AM==000    
                      Tft_SetCursor(StartX+LongX-1,312-StartY+LongY-1);
              
              #elif AM==001
                      Tft_SetCursor(StartX+LongX-1,312-StartY+LongY-1);
                   
              #elif AM==010
                      Tft_SetCursor(StartX,312-StartY+LongY-1);
                   
              #elif AM==011 
 316   1              Tft_SetCursor(StartX,312-StartY+LongY-1);
 317   1           
 318   1      #elif AM==100
                      Tft_SetCursor(StartX+LongX-1,312-StartY);     
                   
              #elif AM==101
                      Tft_SetCursor(StartX+LongX-1,312-StartY);     
                   
              #elif AM==110
                      Tft_SetCursor(StartX,312-StartY); 
                   
              #elif AM==111
                      Tft_SetCursor(StartX,312-StartY);  
                   
              #endif
 331   1           
 332   1              TftWrite(0x0050,StartX);
 333   1              TftWrite(0x0051,StartX+LongX-1);
 334   1              TftWrite(0x0052,312-StartY);
 335   1              TftWrite(0x0053,312-StartY+LongY-1);
 336   1      }
 337          
 338          
 339          void Tft_SetCursor(unsigned int Xpos, unsigned int Ypos)
 340          {
 341   1       
 342   1        TftWrite(0x20, Xpos);
 343   1        TftWrite(0x21, Ypos);
 344   1      }
*** WARNING C316 IN LINE 344 OF source\TFT.c: unterminated conditionals


MODULE INFORMATION:   STATIC OVERLAYABLE
   CODE SIZE        =   1026    ----
   CONSTANT SIZE    =   1520    ----
C51 COMPILER V9.00   TFT                                                                   09/22/2012 11:56:57 PAGE 7   

   XDATA SIZE       =   ----    ----
   PDATA SIZE       =   ----    ----
   DATA SIZE        =   ----      37
   IDATA SIZE       =   ----    ----
   BIT SIZE         =   ----    ----
END OF MODULE INFORMATION.


C51 COMPILATION COMPLETE.  1 WARNING(S),  0 ERROR(S)
